<?xml version="1.0" encoding="utf-8"?>
<coverage line-rate="0.718" branch-rate="0.2987" version="1.9" timestamp="1774384231" lines-covered="247" lines-valid="344" branches-covered="23" branches-valid="77">
  <sources>
    <source>C:\Users\larruda\OneDrive - Vinci Partners\Documents\HandsOnCopilot\poc-task-manager-csharp-herooffer-ghc-\src\TaskManager.Web\</source>
  </sources>
  <packages>
    <package name="TaskManager.Web" line-rate="0.718" branch-rate="0.2987" complexity="126">
      <classes>
        <class name="Program" filename="Program.cs" line-rate="0.8461" branch-rate="0.5" complexity="2">
          <methods>
            <method name="&lt;Main&gt;$" signature="(System.String[])" line-rate="0.8461" branch-rate="0.5" complexity="2">
              <lines>
                <line number="7" hits="1" branch="False" />
                <line number="10" hits="1" branch="False" />
                <line number="13" hits="1" branch="False" />
                <line number="14" hits="4" branch="False" />
                <line number="15" hits="4" branch="False" />
                <line number="16" hits="7" branch="False" />
                <line number="19" hits="1" branch="False" />
                <line number="20" hits="1" branch="False" />
                <line number="22" hits="1" branch="False" />
                <line number="25" hits="1" branch="False" />
                <line number="26" hits="1" branch="False" />
                <line number="27" hits="1" branch="False" />
                <line number="28" hits="1" branch="False" />
                <line number="29" hits="1" branch="False" />
                <line number="32" hits="1" branch="True" condition-coverage="50% (1/2)">
                  <conditions>
                    <condition number="181" type="jump" coverage="50%" />
                  </conditions>
                </line>
                <line number="33" hits="0" branch="False" />
                <line number="34" hits="0" branch="False" />
                <line number="36" hits="0" branch="False" />
                <line number="37" hits="0" branch="False" />
                <line number="40" hits="1" branch="False" />
                <line number="42" hits="1" branch="False" />
                <line number="44" hits="1" branch="False" />
                <line number="46" hits="1" branch="False" />
                <line number="47" hits="1" branch="False" />
                <line number="48" hits="1" branch="False" />
                <line number="50" hits="1" branch="False" />
              </lines>
            </method>
          </methods>
          <lines>
            <line number="7" hits="1" branch="False" />
            <line number="10" hits="1" branch="False" />
            <line number="13" hits="1" branch="False" />
            <line number="14" hits="4" branch="False" />
            <line number="15" hits="4" branch="False" />
            <line number="16" hits="7" branch="False" />
            <line number="19" hits="1" branch="False" />
            <line number="20" hits="1" branch="False" />
            <line number="22" hits="1" branch="False" />
            <line number="25" hits="1" branch="False" />
            <line number="26" hits="1" branch="False" />
            <line number="27" hits="1" branch="False" />
            <line number="28" hits="1" branch="False" />
            <line number="29" hits="1" branch="False" />
            <line number="32" hits="1" branch="True" condition-coverage="50% (1/2)">
              <conditions>
                <condition number="181" type="jump" coverage="50%" />
              </conditions>
            </line>
            <line number="33" hits="0" branch="False" />
            <line number="34" hits="0" branch="False" />
            <line number="36" hits="0" branch="False" />
            <line number="37" hits="0" branch="False" />
            <line number="40" hits="1" branch="False" />
            <line number="42" hits="1" branch="False" />
            <line number="44" hits="1" branch="False" />
            <line number="46" hits="1" branch="False" />
            <line number="47" hits="1" branch="False" />
            <line number="48" hits="1" branch="False" />
            <line number="50" hits="1" branch="False" />
          </lines>
        </class>
        <class name="AspNetCoreGeneratedDocument.Views_Home_Index/&lt;ExecuteAsync&gt;d__0" filename="Views\Home\Index.cshtml" line-rate="0" branch-rate="1" complexity="1">
          <methods>
            <method name="MoveNext" signature="()" line-rate="0" branch-rate="1" complexity="1">
              <lines>
                <line number="2" hits="0" branch="False" />
              </lines>
            </method>
          </methods>
          <lines>
            <line number="2" hits="0" branch="False" />
          </lines>
        </class>
        <class name="AspNetCoreGeneratedDocument.Views_Home_Privacy/&lt;ExecuteAsync&gt;d__0" filename="Views\Home\Privacy.cshtml" line-rate="0" branch-rate="1" complexity="1">
          <methods>
            <method name="MoveNext" signature="()" line-rate="0" branch-rate="1" complexity="1">
              <lines>
                <line number="2" hits="0" branch="False" />
              </lines>
            </method>
          </methods>
          <lines>
            <line number="2" hits="0" branch="False" />
          </lines>
        </class>
        <class name="AspNetCoreGeneratedDocument.Views_Shared_Error/&lt;ExecuteAsync&gt;d__0" filename="Views\Shared\Error.cshtml" line-rate="0" branch-rate="0" complexity="2">
          <methods>
            <method name="MoveNext" signature="()" line-rate="0" branch-rate="0" complexity="2">
              <lines>
                <line number="3" hits="0" branch="False" />
                <line number="9" hits="0" branch="True" condition-coverage="0% (0/2)">
                  <conditions>
                    <condition number="70" type="jump" coverage="0%" />
                  </conditions>
                </line>
                <line number="10" hits="0" branch="False" />
                <line number="14" hits="0" branch="False" />
              </lines>
            </method>
          </methods>
          <lines>
            <line number="3" hits="0" branch="False" />
            <line number="9" hits="0" branch="True" condition-coverage="0% (0/2)">
              <conditions>
                <condition number="70" type="jump" coverage="0%" />
              </conditions>
            </line>
            <line number="10" hits="0" branch="False" />
            <line number="14" hits="0" branch="False" />
          </lines>
        </class>
        <class name="AspNetCoreGeneratedDocument.Views_Tasks_Create/&lt;&lt;ExecuteAsync&gt;b__29_1&gt;d" filename="Views\Tasks\Create.cshtml" line-rate="0" branch-rate="1" complexity="1">
          <methods>
            <method name="MoveNext" signature="()" line-rate="0" branch-rate="1" complexity="1">
              <lines>
                <line number="65" hits="0" branch="False" />
              </lines>
            </method>
          </methods>
          <lines>
            <line number="65" hits="0" branch="False" />
          </lines>
        </class>
        <class name="AspNetCoreGeneratedDocument.Views_Tasks_Create/&lt;ExecuteAsync&gt;d__29" filename="Views\Tasks\Create.cshtml" line-rate="0" branch-rate="0" complexity="2">
          <methods>
            <method name="MoveNext" signature="()" line-rate="0" branch-rate="0" complexity="2">
              <lines>
                <line number="4" hits="0" branch="True" condition-coverage="0% (0/2)">
                  <conditions>
                    <condition number="496" type="jump" coverage="0%" />
                  </conditions>
                </line>
              </lines>
            </method>
          </methods>
          <lines>
            <line number="4" hits="0" branch="True" condition-coverage="0% (0/2)">
              <conditions>
                <condition number="496" type="jump" coverage="0%" />
              </conditions>
            </line>
          </lines>
        </class>
        <class name="AspNetCoreGeneratedDocument.Views_Tasks_Delete/&lt;ExecuteAsync&gt;d__15" filename="Views\Tasks\Delete.cshtml" line-rate="0" branch-rate="0" complexity="12">
          <methods>
            <method name="MoveNext" signature="()" line-rate="0" branch-rate="0" complexity="12">
              <lines>
                <line number="4" hits="0" branch="True" condition-coverage="0% (0/12)">
                  <conditions>
                    <condition number="158" type="jump" coverage="0%" />
                    <condition number="320" type="jump" coverage="0%" />
                    <condition number="345" type="jump" coverage="0%" />
                    <condition number="399" type="jump" coverage="0%" />
                    <condition number="452" type="jump" coverage="0%" />
                    <condition number="956" type="jump" coverage="0%" />
                  </conditions>
                </line>
              </lines>
            </method>
          </methods>
          <lines>
            <line number="4" hits="0" branch="True" condition-coverage="0% (0/12)">
              <conditions>
                <condition number="158" type="jump" coverage="0%" />
                <condition number="320" type="jump" coverage="0%" />
                <condition number="345" type="jump" coverage="0%" />
                <condition number="399" type="jump" coverage="0%" />
                <condition number="452" type="jump" coverage="0%" />
                <condition number="956" type="jump" coverage="0%" />
              </conditions>
            </line>
          </lines>
        </class>
        <class name="AspNetCoreGeneratedDocument.Views_Tasks_Edit/&lt;&lt;ExecuteAsync&gt;b__28_1&gt;d" filename="Views\Tasks\Edit.cshtml" line-rate="0" branch-rate="1" complexity="1">
          <methods>
            <method name="MoveNext" signature="()" line-rate="0" branch-rate="1" complexity="1">
              <lines>
                <line number="68" hits="0" branch="False" />
              </lines>
            </method>
          </methods>
          <lines>
            <line number="68" hits="0" branch="False" />
          </lines>
        </class>
        <class name="AspNetCoreGeneratedDocument.Views_Tasks_Edit/&lt;ExecuteAsync&gt;d__28" filename="Views\Tasks\Edit.cshtml" line-rate="0" branch-rate="0" complexity="2">
          <methods>
            <method name="MoveNext" signature="()" line-rate="0" branch-rate="0" complexity="2">
              <lines>
                <line number="4" hits="0" branch="True" condition-coverage="0% (0/2)">
                  <conditions>
                    <condition number="496" type="jump" coverage="0%" />
                  </conditions>
                </line>
              </lines>
            </method>
          </methods>
          <lines>
            <line number="4" hits="0" branch="True" condition-coverage="0% (0/2)">
              <conditions>
                <condition number="496" type="jump" coverage="0%" />
              </conditions>
            </line>
          </lines>
        </class>
        <class name="AspNetCoreGeneratedDocument.Views_Tasks_Index/&lt;ExecuteAsync&gt;d__13" filename="Views\Tasks\Index.cshtml" line-rate="0.2" branch-rate="0.1724" complexity="29">
          <methods>
            <method name="MoveNext" signature="()" line-rate="0.2" branch-rate="0.1724" complexity="29">
              <lines>
                <line number="4" hits="2" branch="False" />
                <line number="10" hits="2" branch="True" condition-coverage="50% (1/2)">
                  <conditions>
                    <condition number="142" type="jump" coverage="50%" />
                  </conditions>
                </line>
                <line number="11" hits="0" branch="False" />
                <line number="16" hits="0" branch="False" />
                <line number="18" hits="2" branch="True" condition-coverage="50% (1/2)">
                  <conditions>
                    <condition number="256" type="jump" coverage="50%" />
                  </conditions>
                </line>
                <line number="19" hits="0" branch="False" />
                <line number="24" hits="0" branch="True" condition-coverage="100% (2/2)">
                  <conditions>
                    <condition number="671" type="jump" coverage="100%" />
                  </conditions>
                </line>
                <line number="43" hits="6" branch="True" condition-coverage="50% (1/2)">
                  <conditions>
                    <condition number="2871" type="jump" coverage="50%" />
                  </conditions>
                </line>
                <line number="44" hits="0" branch="False" />
                <line number="48" hits="0" branch="True" condition-coverage="0% (0/5)">
                  <conditions>
                    <condition number="1038" type="switch" coverage="0%" />
                  </conditions>
                </line>
                <line number="52" hits="0" branch="False" />
                <line number="55" hits="0" branch="False" />
                <line number="58" hits="0" branch="False" />
                <line number="61" hits="0" branch="True" condition-coverage="0% (0/6)">
                  <conditions>
                    <condition number="1226" type="jump" coverage="0%" />
                    <condition number="1252" type="jump" coverage="0%" />
                    <condition number="1301" type="jump" coverage="0%" />
                  </conditions>
                </line>
                <line number="68" hits="0" branch="True" condition-coverage="0% (0/2)">
                  <conditions>
                    <condition number="1347" type="jump" coverage="0%" />
                  </conditions>
                </line>
                <line number="69" hits="0" branch="False" />
                <line number="71" hits="0" branch="False" />
                <line number="73" hits="0" branch="False" />
                <line number="75" hits="0" branch="True" condition-coverage="0% (0/8)">
                  <conditions>
                    <condition number="1588" type="jump" coverage="0%" />
                    <condition number="1943" type="jump" coverage="0%" />
                    <condition number="2311" type="jump" coverage="0%" />
                    <condition number="2666" type="jump" coverage="0%" />
                  </conditions>
                </line>
                <line number="82" hits="0" branch="False" />
              </lines>
            </method>
          </methods>
          <lines>
            <line number="4" hits="2" branch="False" />
            <line number="10" hits="2" branch="True" condition-coverage="50% (1/2)">
              <conditions>
                <condition number="142" type="jump" coverage="50%" />
              </conditions>
            </line>
            <line number="11" hits="0" branch="False" />
            <line number="16" hits="0" branch="False" />
            <line number="18" hits="2" branch="True" condition-coverage="50% (1/2)">
              <conditions>
                <condition number="256" type="jump" coverage="50%" />
              </conditions>
            </line>
            <line number="19" hits="0" branch="False" />
            <line number="24" hits="0" branch="True" condition-coverage="100% (2/2)">
              <conditions>
                <condition number="671" type="jump" coverage="100%" />
              </conditions>
            </line>
            <line number="43" hits="6" branch="True" condition-coverage="50% (1/2)">
              <conditions>
                <condition number="2871" type="jump" coverage="50%" />
              </conditions>
            </line>
            <line number="44" hits="0" branch="False" />
            <line number="48" hits="0" branch="True" condition-coverage="0% (0/5)">
              <conditions>
                <condition number="1038" type="switch" coverage="0%" />
              </conditions>
            </line>
            <line number="52" hits="0" branch="False" />
            <line number="55" hits="0" branch="False" />
            <line number="58" hits="0" branch="False" />
            <line number="61" hits="0" branch="True" condition-coverage="0% (0/6)">
              <conditions>
                <condition number="1226" type="jump" coverage="0%" />
                <condition number="1252" type="jump" coverage="0%" />
                <condition number="1301" type="jump" coverage="0%" />
              </conditions>
            </line>
            <line number="68" hits="0" branch="True" condition-coverage="0% (0/2)">
              <conditions>
                <condition number="1347" type="jump" coverage="0%" />
              </conditions>
            </line>
            <line number="69" hits="0" branch="False" />
            <line number="71" hits="0" branch="False" />
            <line number="73" hits="0" branch="False" />
            <line number="75" hits="0" branch="True" condition-coverage="0% (0/8)">
              <conditions>
                <condition number="1588" type="jump" coverage="0%" />
                <condition number="1943" type="jump" coverage="0%" />
                <condition number="2311" type="jump" coverage="0%" />
                <condition number="2666" type="jump" coverage="0%" />
              </conditions>
            </line>
            <line number="82" hits="0" branch="False" />
          </lines>
        </class>
        <class name="AspNetCoreGeneratedDocument.Views__ViewStart/&lt;ExecuteAsync&gt;d__0" filename="Views\_ViewStart.cshtml" line-rate="1" branch-rate="1" complexity="1">
          <methods>
            <method name="MoveNext" signature="()" line-rate="1" branch-rate="1" complexity="1">
              <lines>
                <line number="2" hits="2" branch="False" />
              </lines>
            </method>
          </methods>
          <lines>
            <line number="2" hits="2" branch="False" />
          </lines>
        </class>
        <class name="TaskManager.Web.Services.TaskStatistics" filename="Services\ITaskService.cs" line-rate="1" branch-rate="1" complexity="4">
          <methods>
            <method name="get_Total" signature="()" line-rate="1" branch-rate="1" complexity="1">
              <lines>
                <line number="23" hits="2" branch="False" />
              </lines>
            </method>
            <method name="get_Completed" signature="()" line-rate="1" branch-rate="1" complexity="1">
              <lines>
                <line number="24" hits="2" branch="False" />
              </lines>
            </method>
            <method name="get_Pending" signature="()" line-rate="1" branch-rate="1" complexity="1">
              <lines>
                <line number="25" hits="2" branch="False" />
              </lines>
            </method>
            <method name="get_UrgentActive" signature="()" line-rate="1" branch-rate="1" complexity="1">
              <lines>
                <line number="26" hits="2" branch="False" />
              </lines>
            </method>
          </methods>
          <lines>
            <line number="23" hits="2" branch="False" />
            <line number="24" hits="2" branch="False" />
            <line number="25" hits="2" branch="False" />
            <line number="26" hits="2" branch="False" />
          </lines>
        </class>
        <class name="TaskManager.Web.Services.TaskService" filename="Services\TaskService.cs" line-rate="1" branch-rate="1" complexity="1">
          <methods>
            <method name=".ctor" signature="(TaskManager.Web.Repositories.ITaskRepository)" line-rate="1" branch-rate="1" complexity="1">
              <lines>
                <line number="13" hits="10" branch="False" />
                <line number="14" hits="10" branch="False" />
                <line number="15" hits="10" branch="False" />
                <line number="16" hits="10" branch="False" />
              </lines>
            </method>
          </methods>
          <lines>
            <line number="13" hits="10" branch="False" />
            <line number="14" hits="10" branch="False" />
            <line number="15" hits="10" branch="False" />
            <line number="16" hits="10" branch="False" />
          </lines>
        </class>
        <class name="TaskManager.Web.Services.TaskService/&lt;CreateTaskAsync&gt;d__4" filename="Services\TaskService.cs" line-rate="1" branch-rate="1" complexity="1">
          <methods>
            <method name="MoveNext" signature="()" line-rate="1" branch-rate="1" complexity="1">
              <lines>
                <line number="29" hits="1" branch="False" />
                <line number="31" hits="1" branch="False" />
                <line number="32" hits="1" branch="False" />
              </lines>
            </method>
          </methods>
          <lines>
            <line number="29" hits="1" branch="False" />
            <line number="31" hits="1" branch="False" />
            <line number="32" hits="1" branch="False" />
          </lines>
        </class>
        <class name="TaskManager.Web.Services.TaskService/&lt;DeleteTaskAsync&gt;d__6" filename="Services\TaskService.cs" line-rate="1" branch-rate="1" complexity="1">
          <methods>
            <method name="MoveNext" signature="()" line-rate="1" branch-rate="1" complexity="1">
              <lines>
                <line number="41" hits="1" branch="False" />
                <line number="42" hits="1" branch="False" />
                <line number="43" hits="1" branch="False" />
              </lines>
            </method>
          </methods>
          <lines>
            <line number="41" hits="1" branch="False" />
            <line number="42" hits="1" branch="False" />
            <line number="43" hits="1" branch="False" />
          </lines>
        </class>
        <class name="TaskManager.Web.Services.TaskService/&lt;GetAllTasksAsync&gt;d__2" filename="Services\TaskService.cs" line-rate="1" branch-rate="1" complexity="1">
          <methods>
            <method name="MoveNext" signature="()" line-rate="1" branch-rate="1" complexity="1">
              <lines>
                <line number="19" hits="3" branch="False" />
                <line number="20" hits="3" branch="False" />
                <line number="21" hits="3" branch="False" />
              </lines>
            </method>
          </methods>
          <lines>
            <line number="19" hits="3" branch="False" />
            <line number="20" hits="3" branch="False" />
            <line number="21" hits="3" branch="False" />
          </lines>
        </class>
        <class name="TaskManager.Web.Services.TaskService/&lt;GetStatisticsAsync&gt;d__7" filename="Services\TaskService.cs" line-rate="1" branch-rate="1" complexity="1">
          <methods>
            <method name="MoveNext" signature="()" line-rate="1" branch-rate="1" complexity="1">
              <lines>
                <line number="46" hits="1" branch="False" />
                <line number="47" hits="1" branch="False" />
                <line number="48" hits="1" branch="False" />
                <line number="49" hits="1" branch="False" />
                <line number="50" hits="1" branch="False" />
                <line number="52" hits="1" branch="False" />
                <line number="53" hits="1" branch="False" />
                <line number="54" hits="1" branch="False" />
                <line number="55" hits="1" branch="False" />
                <line number="56" hits="1" branch="False" />
                <line number="57" hits="1" branch="False" />
                <line number="58" hits="1" branch="False" />
                <line number="59" hits="1" branch="False" />
              </lines>
            </method>
          </methods>
          <lines>
            <line number="46" hits="1" branch="False" />
            <line number="47" hits="1" branch="False" />
            <line number="48" hits="1" branch="False" />
            <line number="49" hits="1" branch="False" />
            <line number="50" hits="1" branch="False" />
            <line number="52" hits="1" branch="False" />
            <line number="53" hits="1" branch="False" />
            <line number="54" hits="1" branch="False" />
            <line number="55" hits="1" branch="False" />
            <line number="56" hits="1" branch="False" />
            <line number="57" hits="1" branch="False" />
            <line number="58" hits="1" branch="False" />
            <line number="59" hits="1" branch="False" />
          </lines>
        </class>
        <class name="TaskManager.Web.Services.TaskService/&lt;GetTaskByIdAsync&gt;d__3" filename="Services\TaskService.cs" line-rate="1" branch-rate="1" complexity="1">
          <methods>
            <method name="MoveNext" signature="()" line-rate="1" branch-rate="1" complexity="1">
              <lines>
                <line number="24" hits="2" branch="False" />
                <line number="25" hits="2" branch="False" />
                <line number="26" hits="2" branch="False" />
              </lines>
            </method>
          </methods>
          <lines>
            <line number="24" hits="2" branch="False" />
            <line number="25" hits="2" branch="False" />
            <line number="26" hits="2" branch="False" />
          </lines>
        </class>
        <class name="TaskManager.Web.Services.TaskService/&lt;UpdateTaskAsync&gt;d__5" filename="Services\TaskService.cs" line-rate="1" branch-rate="1" complexity="1">
          <methods>
            <method name="MoveNext" signature="()" line-rate="1" branch-rate="1" complexity="1">
              <lines>
                <line number="35" hits="2" branch="False" />
                <line number="37" hits="2" branch="False" />
                <line number="38" hits="2" branch="False" />
              </lines>
            </method>
          </methods>
          <lines>
            <line number="35" hits="2" branch="False" />
            <line number="37" hits="2" branch="False" />
            <line number="38" hits="2" branch="False" />
          </lines>
        </class>
        <class name="TaskManager.Web.Repositories.TaskRepository" filename="Repositories\TaskRepository.cs" line-rate="1" branch-rate="1" complexity="1">
          <methods>
            <method name=".ctor" signature="(TaskManager.Web.Data.TaskManagerDbContext)" line-rate="1" branch-rate="1" complexity="1">
              <lines>
                <line number="14" hits="10" branch="False" />
                <line number="15" hits="10" branch="False" />
                <line number="16" hits="10" branch="False" />
                <line number="17" hits="10" branch="False" />
              </lines>
            </method>
          </methods>
          <lines>
            <line number="14" hits="10" branch="False" />
            <line number="15" hits="10" branch="False" />
            <line number="16" hits="10" branch="False" />
            <line number="17" hits="10" branch="False" />
          </lines>
        </class>
        <class name="TaskManager.Web.Repositories.TaskRepository/&lt;CountAllAsync&gt;d__7" filename="Repositories\TaskRepository.cs" line-rate="1" branch-rate="1" complexity="1">
          <methods>
            <method name="MoveNext" signature="()" line-rate="1" branch-rate="1" complexity="1">
              <lines>
                <line number="59" hits="1" branch="False" />
                <line number="60" hits="1" branch="False" />
                <line number="61" hits="1" branch="False" />
              </lines>
            </method>
          </methods>
          <lines>
            <line number="59" hits="1" branch="False" />
            <line number="60" hits="1" branch="False" />
            <line number="61" hits="1" branch="False" />
          </lines>
        </class>
        <class name="TaskManager.Web.Repositories.TaskRepository/&lt;CountCompletedAsync&gt;d__8" filename="Repositories\TaskRepository.cs" line-rate="1" branch-rate="1" complexity="1">
          <methods>
            <method name="MoveNext" signature="()" line-rate="1" branch-rate="1" complexity="1">
              <lines>
                <line number="64" hits="1" branch="False" />
                <line number="65" hits="1" branch="False" />
                <line number="66" hits="1" branch="False" />
              </lines>
            </method>
          </methods>
          <lines>
            <line number="64" hits="1" branch="False" />
            <line number="65" hits="1" branch="False" />
            <line number="66" hits="1" branch="False" />
          </lines>
        </class>
        <class name="TaskManager.Web.Repositories.TaskRepository/&lt;CountPendingAsync&gt;d__9" filename="Repositories\TaskRepository.cs" line-rate="1" branch-rate="1" complexity="1">
          <methods>
            <method name="MoveNext" signature="()" line-rate="1" branch-rate="1" complexity="1">
              <lines>
                <line number="69" hits="1" branch="False" />
                <line number="70" hits="1" branch="False" />
                <line number="71" hits="1" branch="False" />
              </lines>
            </method>
          </methods>
          <lines>
            <line number="69" hits="1" branch="False" />
            <line number="70" hits="1" branch="False" />
            <line number="71" hits="1" branch="False" />
          </lines>
        </class>
        <class name="TaskManager.Web.Repositories.TaskRepository/&lt;CountUrgentActiveAsync&gt;d__10" filename="Repositories\TaskRepository.cs" line-rate="1" branch-rate="1" complexity="1">
          <methods>
            <method name="MoveNext" signature="()" line-rate="1" branch-rate="1" complexity="1">
              <lines>
                <line number="74" hits="1" branch="False" />
                <line number="75" hits="1" branch="False" />
                <line number="76" hits="1" branch="False" />
                <line number="77" hits="1" branch="False" />
              </lines>
            </method>
          </methods>
          <lines>
            <line number="74" hits="1" branch="False" />
            <line number="75" hits="1" branch="False" />
            <line number="76" hits="1" branch="False" />
            <line number="77" hits="1" branch="False" />
          </lines>
        </class>
        <class name="TaskManager.Web.Repositories.TaskRepository/&lt;CreateAsync&gt;d__4" filename="Repositories\TaskRepository.cs" line-rate="1" branch-rate="1" complexity="1">
          <methods>
            <method name="MoveNext" signature="()" line-rate="1" branch-rate="1" complexity="1">
              <lines>
                <line number="30" hits="7" branch="False" />
                <line number="31" hits="7" branch="False" />
                <line number="32" hits="7" branch="False" />
                <line number="33" hits="7" branch="False" />
                <line number="34" hits="7" branch="False" />
              </lines>
            </method>
          </methods>
          <lines>
            <line number="30" hits="7" branch="False" />
            <line number="31" hits="7" branch="False" />
            <line number="32" hits="7" branch="False" />
            <line number="33" hits="7" branch="False" />
            <line number="34" hits="7" branch="False" />
          </lines>
        </class>
        <class name="TaskManager.Web.Repositories.TaskRepository/&lt;DeleteAsync&gt;d__6" filename="Repositories\TaskRepository.cs" line-rate="1" branch-rate="1" complexity="2">
          <methods>
            <method name="MoveNext" signature="()" line-rate="1" branch-rate="1" complexity="2">
              <lines>
                <line number="48" hits="2" branch="False" />
                <line number="49" hits="2" branch="False" />
                <line number="50" hits="2" branch="True" condition-coverage="100% (2/2)">
                  <conditions>
                    <condition number="198" type="jump" coverage="100%" />
                  </conditions>
                </line>
                <line number="51" hits="1" branch="False" />
                <line number="53" hits="1" branch="False" />
                <line number="54" hits="1" branch="False" />
                <line number="55" hits="1" branch="False" />
                <line number="56" hits="2" branch="False" />
              </lines>
            </method>
          </methods>
          <lines>
            <line number="48" hits="2" branch="False" />
            <line number="49" hits="2" branch="False" />
            <line number="50" hits="2" branch="True" condition-coverage="100% (2/2)">
              <conditions>
                <condition number="198" type="jump" coverage="100%" />
              </conditions>
            </line>
            <line number="51" hits="1" branch="False" />
            <line number="53" hits="1" branch="False" />
            <line number="54" hits="1" branch="False" />
            <line number="55" hits="1" branch="False" />
            <line number="56" hits="2" branch="False" />
          </lines>
        </class>
        <class name="TaskManager.Web.Repositories.TaskRepository/&lt;GetAllAsync&gt;d__2" filename="Repositories\TaskRepository.cs" line-rate="1" branch-rate="1" complexity="1">
          <methods>
            <method name="MoveNext" signature="()" line-rate="1" branch-rate="1" complexity="1">
              <lines>
                <line number="20" hits="3" branch="False" />
                <line number="21" hits="3" branch="False" />
                <line number="22" hits="3" branch="False" />
              </lines>
            </method>
          </methods>
          <lines>
            <line number="20" hits="3" branch="False" />
            <line number="21" hits="3" branch="False" />
            <line number="22" hits="3" branch="False" />
          </lines>
        </class>
        <class name="TaskManager.Web.Repositories.TaskRepository/&lt;GetByIdAsync&gt;d__3" filename="Repositories\TaskRepository.cs" line-rate="1" branch-rate="1" complexity="1">
          <methods>
            <method name="MoveNext" signature="()" line-rate="1" branch-rate="1" complexity="1">
              <lines>
                <line number="25" hits="2" branch="False" />
                <line number="26" hits="2" branch="False" />
                <line number="27" hits="2" branch="False" />
              </lines>
            </method>
          </methods>
          <lines>
            <line number="25" hits="2" branch="False" />
            <line number="26" hits="2" branch="False" />
            <line number="27" hits="2" branch="False" />
          </lines>
        </class>
        <class name="TaskManager.Web.Repositories.TaskRepository/&lt;UpdateAsync&gt;d__5" filename="Repositories\TaskRepository.cs" line-rate="1" branch-rate="1" complexity="2">
          <methods>
            <method name="MoveNext" signature="()" line-rate="1" branch-rate="1" complexity="2">
              <lines>
                <line number="37" hits="2" branch="False" />
                <line number="38" hits="2" branch="False" />
                <line number="39" hits="2" branch="True" condition-coverage="100% (2/2)">
                  <conditions>
                    <condition number="203" type="jump" coverage="100%" />
                  </conditions>
                </line>
                <line number="40" hits="1" branch="False" />
                <line number="42" hits="1" branch="False" />
                <line number="43" hits="1" branch="False" />
                <line number="44" hits="1" branch="False" />
                <line number="45" hits="2" branch="False" />
              </lines>
            </method>
          </methods>
          <lines>
            <line number="37" hits="2" branch="False" />
            <line number="38" hits="2" branch="False" />
            <line number="39" hits="2" branch="True" condition-coverage="100% (2/2)">
              <conditions>
                <condition number="203" type="jump" coverage="100%" />
              </conditions>
            </line>
            <line number="40" hits="1" branch="False" />
            <line number="42" hits="1" branch="False" />
            <line number="43" hits="1" branch="False" />
            <line number="44" hits="1" branch="False" />
            <line number="45" hits="2" branch="False" />
          </lines>
        </class>
        <class name="TaskManager.Web.Models.ErrorViewModel" filename="Models\ErrorViewModel.cs" line-rate="0" branch-rate="1" complexity="2">
          <methods>
            <method name="get_RequestId" signature="()" line-rate="0" branch-rate="1" complexity="1">
              <lines>
                <line number="5" hits="0" branch="False" />
              </lines>
            </method>
            <method name="get_ShowRequestId" signature="()" line-rate="0" branch-rate="1" complexity="1">
              <lines>
                <line number="7" hits="0" branch="False" />
              </lines>
            </method>
          </methods>
          <lines>
            <line number="5" hits="0" branch="False" />
            <line number="7" hits="0" branch="False" />
          </lines>
        </class>
        <class name="TaskManager.Web.Models.TaskItem" filename="Models\TaskItem.cs" line-rate="0.75" branch-rate="1" complexity="12">
          <methods>
            <method name="get_Id" signature="()" line-rate="1" branch-rate="1" complexity="1">
              <lines>
                <line number="10" hits="26" branch="False" />
              </lines>
            </method>
            <method name="get_Title" signature="()" line-rate="1" branch-rate="1" complexity="1">
              <lines>
                <line number="14" hits="40" branch="False" />
              </lines>
            </method>
            <method name="get_Description" signature="()" line-rate="0" branch-rate="1" complexity="1">
              <lines>
                <line number="17" hits="0" branch="False" />
              </lines>
            </method>
            <method name="get_Priority" signature="()" line-rate="1" branch-rate="1" complexity="1">
              <lines>
                <line number="20" hits="22" branch="False" />
              </lines>
            </method>
            <method name="get_Category" signature="()" line-rate="1" branch-rate="1" complexity="1">
              <lines>
                <line number="23" hits="19" branch="False" />
              </lines>
            </method>
            <method name="get_DueDate" signature="()" line-rate="0" branch-rate="1" complexity="1">
              <lines>
                <line number="26" hits="0" branch="False" />
              </lines>
            </method>
            <method name="get_Tags" signature="()" line-rate="1" branch-rate="1" complexity="1">
              <lines>
                <line number="28" hits="19" branch="False" />
              </lines>
            </method>
            <method name="get_AssignedTo" signature="()" line-rate="0" branch-rate="1" complexity="1">
              <lines>
                <line number="31" hits="0" branch="False" />
              </lines>
            </method>
            <method name="get_UserId" signature="()" line-rate="1" branch-rate="1" complexity="1">
              <lines>
                <line number="35" hits="24" branch="False" />
              </lines>
            </method>
            <method name="get_Completed" signature="()" line-rate="1" branch-rate="1" complexity="1">
              <lines>
                <line number="37" hits="3" branch="False" />
              </lines>
            </method>
            <method name="get_CreatedAt" signature="()" line-rate="1" branch-rate="1" complexity="1">
              <lines>
                <line number="39" hits="7" branch="False" />
              </lines>
            </method>
            <method name="get_UpdatedAt" signature="()" line-rate="1" branch-rate="1" complexity="1">
              <lines>
                <line number="41" hits="8" branch="False" />
              </lines>
            </method>
          </methods>
          <lines>
            <line number="10" hits="26" branch="False" />
            <line number="14" hits="40" branch="False" />
            <line number="17" hits="0" branch="False" />
            <line number="20" hits="22" branch="False" />
            <line number="23" hits="19" branch="False" />
            <line number="26" hits="0" branch="False" />
            <line number="28" hits="19" branch="False" />
            <line number="31" hits="0" branch="False" />
            <line number="35" hits="24" branch="False" />
            <line number="37" hits="3" branch="False" />
            <line number="39" hits="7" branch="False" />
            <line number="41" hits="8" branch="False" />
          </lines>
        </class>
        <class name="TaskManager.Web.Data.TaskManagerDbContext" filename="Data\TaskManagerDbContext.cs" line-rate="0.9459000000000001" branch-rate="1" complexity="10">
          <methods>
            <method name="get_Tasks" signature="()" line-rate="1" branch-rate="1" complexity="1">
              <lines>
                <line number="15" hits="43" branch="False" />
              </lines>
            </method>
            <method name="OnModelCreating" signature="(Microsoft.EntityFrameworkCore.ModelBuilder)" line-rate="1" branch-rate="1" complexity="1">
              <lines>
                <line number="18" hits="2" branch="False" />
                <line number="19" hits="2" branch="False" />
                <line number="21" hits="2" branch="False" />
                <line number="22" hits="2" branch="False" />
                <line number="23" hits="2" branch="False" />
                <line number="24" hits="2" branch="False" />
                <line number="25" hits="2" branch="False" />
                <line number="26" hits="2" branch="False" />
                <line number="27" hits="2" branch="False" />
                <line number="28" hits="2" branch="False" />
                <line number="29" hits="2" branch="False" />
                <line number="30" hits="2" branch="False" />
                <line number="31" hits="2" branch="False" />
                <line number="32" hits="2" branch="False" />
                <line number="33" hits="2" branch="False" />
                <line number="34" hits="2" branch="False" />
                <line number="35" hits="2" branch="False" />
                <line number="36" hits="2" branch="False" />
                <line number="37" hits="2" branch="False" />
                <line number="38" hits="2" branch="False" />
                <line number="39" hits="2" branch="False" />
                <line number="40" hits="2" branch="False" />
                <line number="41" hits="2" branch="False" />
                <line number="42" hits="2" branch="False" />
                <line number="43" hits="2" branch="False" />
                <line number="44" hits="2" branch="False" />
                <line number="45" hits="2" branch="False" />
                <line number="46" hits="2" branch="False" />
                <line number="47" hits="2" branch="False" />
                <line number="48" hits="2" branch="False" />
                <line number="49" hits="2" branch="False" />
                <line number="50" hits="2" branch="False" />
                <line number="51" hits="2" branch="False" />
                <line number="52" hits="2" branch="False" />
                <line number="53" hits="2" branch="False" />
                <line number="54" hits="2" branch="False" />
                <line number="55" hits="2" branch="False" />
                <line number="56" hits="2" branch="False" />
                <line number="57" hits="2" branch="False" />
                <line number="58" hits="2" branch="False" />
                <line number="59" hits="2" branch="False" />
                <line number="60" hits="2" branch="False" />
                <line number="61" hits="2" branch="False" />
                <line number="62" hits="2" branch="False" />
                <line number="63" hits="2" branch="False" />
                <line number="64" hits="2" branch="False" />
                <line number="65" hits="2" branch="False" />
                <line number="66" hits="2" branch="False" />
                <line number="67" hits="2" branch="False" />
                <line number="68" hits="4" branch="False" />
                <line number="69" hits="2" branch="False" />
              </lines>
            </method>
            <method name="SaveChanges" signature="()" line-rate="0" branch-rate="1" complexity="1">
              <lines>
                <line number="72" hits="0" branch="False" />
                <line number="73" hits="0" branch="False" />
                <line number="74" hits="0" branch="False" />
                <line number="75" hits="0" branch="False" />
              </lines>
            </method>
            <method name="UpdateTimestamps" signature="()" line-rate="1" branch-rate="1" complexity="6">
              <lines>
                <line number="84" hits="9" branch="False" />
                <line number="85" hits="9" branch="False" />
                <line number="87" hits="51" branch="True" condition-coverage="100% (2/2)">
                  <conditions>
                    <condition number="123" type="jump" coverage="100%" />
                  </conditions>
                </line>
                <line number="88" hits="12" branch="False" />
                <line number="89" hits="12" branch="True" condition-coverage="100% (2/2)">
                  <conditions>
                    <condition number="42" type="jump" coverage="100%" />
                  </conditions>
                </line>
                <line number="90" hits="7" branch="False" />
                <line number="91" hits="7" branch="False" />
                <line number="92" hits="7" branch="False" />
                <line number="93" hits="7" branch="False" />
                <line number="94" hits="5" branch="True" condition-coverage="100% (2/2)">
                  <conditions>
                    <condition number="95" type="jump" coverage="100%" />
                  </conditions>
                </line>
                <line number="95" hits="1" branch="False" />
                <line number="96" hits="1" branch="False" />
                <line number="97" hits="1" branch="False" />
                <line number="98" hits="12" branch="False" />
                <line number="99" hits="9" branch="False" />
              </lines>
            </method>
            <method name=".ctor" signature="(Microsoft.EntityFrameworkCore.DbContextOptions`1&lt;TaskManager.Web.Data.TaskManagerDbContext&gt;)" line-rate="1" branch-rate="1" complexity="1">
              <lines>
                <line number="11" hits="11" branch="False" />
                <line number="12" hits="11" branch="False" />
                <line number="13" hits="11" branch="False" />
              </lines>
            </method>
          </methods>
          <lines>
            <line number="15" hits="43" branch="False" />
            <line number="18" hits="2" branch="False" />
            <line number="19" hits="2" branch="False" />
            <line number="21" hits="2" branch="False" />
            <line number="22" hits="2" branch="False" />
            <line number="23" hits="2" branch="False" />
            <line number="24" hits="2" branch="False" />
            <line number="25" hits="2" branch="False" />
            <line number="26" hits="2" branch="False" />
            <line number="27" hits="2" branch="False" />
            <line number="28" hits="2" branch="False" />
            <line number="29" hits="2" branch="False" />
            <line number="30" hits="2" branch="False" />
            <line number="31" hits="2" branch="False" />
            <line number="32" hits="2" branch="False" />
            <line number="33" hits="2" branch="False" />
            <line number="34" hits="2" branch="False" />
            <line number="35" hits="2" branch="False" />
            <line number="36" hits="2" branch="False" />
            <line number="37" hits="2" branch="False" />
            <line number="38" hits="2" branch="False" />
            <line number="39" hits="2" branch="False" />
            <line number="40" hits="2" branch="False" />
            <line number="41" hits="2" branch="False" />
            <line number="42" hits="2" branch="False" />
            <line number="43" hits="2" branch="False" />
            <line number="44" hits="2" branch="False" />
            <line number="45" hits="2" branch="False" />
            <line number="46" hits="2" branch="False" />
            <line number="47" hits="2" branch="False" />
            <line number="48" hits="2" branch="False" />
            <line number="49" hits="2" branch="False" />
            <line number="50" hits="2" branch="False" />
            <line number="51" hits="2" branch="False" />
            <line number="52" hits="2" branch="False" />
            <line number="53" hits="2" branch="False" />
            <line number="54" hits="2" branch="False" />
            <line number="55" hits="2" branch="False" />
            <line number="56" hits="2" branch="False" />
            <line number="57" hits="2" branch="False" />
            <line number="58" hits="2" branch="False" />
            <line number="59" hits="2" branch="False" />
            <line number="60" hits="2" branch="False" />
            <line number="61" hits="2" branch="False" />
            <line number="62" hits="2" branch="False" />
            <line number="63" hits="2" branch="False" />
            <line number="64" hits="2" branch="False" />
            <line number="65" hits="2" branch="False" />
            <line number="66" hits="2" branch="False" />
            <line number="67" hits="2" branch="False" />
            <line number="68" hits="4" branch="False" />
            <line number="69" hits="2" branch="False" />
            <line number="72" hits="0" branch="False" />
            <line number="73" hits="0" branch="False" />
            <line number="74" hits="0" branch="False" />
            <line number="75" hits="0" branch="False" />
            <line number="84" hits="9" branch="False" />
            <line number="85" hits="9" branch="False" />
            <line number="87" hits="51" branch="True" condition-coverage="100% (2/2)">
              <conditions>
                <condition number="123" type="jump" coverage="100%" />
              </conditions>
            </line>
            <line number="88" hits="12" branch="False" />
            <line number="89" hits="12" branch="True" condition-coverage="100% (2/2)">
              <conditions>
                <condition number="42" type="jump" coverage="100%" />
              </conditions>
            </line>
            <line number="90" hits="7" branch="False" />
            <line number="91" hits="7" branch="False" />
            <line number="92" hits="7" branch="False" />
            <line number="93" hits="7" branch="False" />
            <line number="94" hits="5" branch="True" condition-coverage="100% (2/2)">
              <conditions>
                <condition number="95" type="jump" coverage="100%" />
              </conditions>
            </line>
            <line number="95" hits="1" branch="False" />
            <line number="96" hits="1" branch="False" />
            <line number="97" hits="1" branch="False" />
            <line number="98" hits="12" branch="False" />
            <line number="99" hits="9" branch="False" />
            <line number="11" hits="11" branch="False" />
            <line number="12" hits="11" branch="False" />
            <line number="13" hits="11" branch="False" />
          </lines>
        </class>
        <class name="TaskManager.Web.Data.TaskManagerDbContext/&lt;SaveChangesAsync&gt;d__7" filename="Data\TaskManagerDbContext.cs" line-rate="1" branch-rate="1" complexity="1">
          <methods>
            <method name="MoveNext" signature="()" line-rate="1" branch-rate="1" complexity="1">
              <lines>
                <line number="78" hits="9" branch="False" />
                <line number="79" hits="9" branch="False" />
                <line number="80" hits="9" branch="False" />
                <line number="81" hits="9" branch="False" />
              </lines>
            </method>
          </methods>
          <lines>
            <line number="78" hits="9" branch="False" />
            <line number="79" hits="9" branch="False" />
            <line number="80" hits="9" branch="False" />
            <line number="81" hits="9" branch="False" />
          </lines>
        </class>
        <class name="TaskManager.Web.Controllers.HomeController" filename="Controllers\HomeController.cs" line-rate="0.7692" branch-rate="0" complexity="7">
          <methods>
            <method name="Index" signature="()" line-rate="1" branch-rate="1" complexity="1">
              <lines>
                <line number="17" hits="1" branch="False" />
                <line number="18" hits="1" branch="False" />
                <line number="19" hits="1" branch="False" />
              </lines>
            </method>
            <method name="Privacy" signature="()" line-rate="1" branch-rate="1" complexity="1">
              <lines>
                <line number="22" hits="1" branch="False" />
                <line number="23" hits="1" branch="False" />
                <line number="24" hits="1" branch="False" />
              </lines>
            </method>
            <method name="Error" signature="()" line-rate="0" branch-rate="0" complexity="4">
              <lines>
                <line number="28" hits="0" branch="False" />
                <line number="29" hits="0" branch="True" condition-coverage="0% (0/4)">
                  <conditions>
                    <condition number="14" type="jump" coverage="0%" />
                    <condition number="26" type="jump" coverage="0%" />
                  </conditions>
                </line>
                <line number="30" hits="0" branch="False" />
              </lines>
            </method>
            <method name=".ctor" signature="(Microsoft.Extensions.Logging.ILogger`1&lt;TaskManager.Web.Controllers.HomeController&gt;)" line-rate="1" branch-rate="1" complexity="1">
              <lines>
                <line number="11" hits="2" branch="False" />
                <line number="12" hits="2" branch="False" />
                <line number="13" hits="2" branch="False" />
                <line number="14" hits="2" branch="False" />
              </lines>
            </method>
          </methods>
          <lines>
            <line number="17" hits="1" branch="False" />
            <line number="18" hits="1" branch="False" />
            <line number="19" hits="1" branch="False" />
            <line number="22" hits="1" branch="False" />
            <line number="23" hits="1" branch="False" />
            <line number="24" hits="1" branch="False" />
            <line number="28" hits="0" branch="False" />
            <line number="29" hits="0" branch="True" condition-coverage="0% (0/4)">
              <conditions>
                <condition number="14" type="jump" coverage="0%" />
                <condition number="26" type="jump" coverage="0%" />
              </conditions>
            </line>
            <line number="30" hits="0" branch="False" />
            <line number="11" hits="2" branch="False" />
            <line number="12" hits="2" branch="False" />
            <line number="13" hits="2" branch="False" />
            <line number="14" hits="2" branch="False" />
          </lines>
        </class>
        <class name="TaskManager.Web.Controllers.TasksController" filename="Controllers\TasksController.cs" line-rate="1" branch-rate="1" complexity="2">
          <methods>
            <method name="Create" signature="()" line-rate="1" branch-rate="1" complexity="1">
              <lines>
                <line number="36" hits="1" branch="False" />
                <line number="37" hits="1" branch="False" />
                <line number="38" hits="1" branch="False" />
              </lines>
            </method>
            <method name=".ctor" signature="(TaskManager.Web.Services.ITaskService,Microsoft.Extensions.Logging.ILogger`1&lt;TaskManager.Web.Controllers.TasksController&gt;)" line-rate="1" branch-rate="1" complexity="1">
              <lines>
                <line number="12" hits="12" branch="False" />
                <line number="13" hits="12" branch="False" />
                <line number="14" hits="12" branch="False" />
                <line number="15" hits="12" branch="False" />
                <line number="16" hits="12" branch="False" />
              </lines>
            </method>
          </methods>
          <lines>
            <line number="36" hits="1" branch="False" />
            <line number="37" hits="1" branch="False" />
            <line number="38" hits="1" branch="False" />
            <line number="12" hits="12" branch="False" />
            <line number="13" hits="12" branch="False" />
            <line number="14" hits="12" branch="False" />
            <line number="15" hits="12" branch="False" />
            <line number="16" hits="12" branch="False" />
          </lines>
        </class>
        <class name="TaskManager.Web.Controllers.TasksController/&lt;Create&gt;d__5" filename="Controllers\TasksController.cs" line-rate="0" branch-rate="0" complexity="2">
          <methods>
            <method name="MoveNext" signature="()" line-rate="0" branch-rate="0" complexity="2">
              <lines>
                <line number="44" hits="0" branch="False" />
                <line number="45" hits="0" branch="True" condition-coverage="0% (0/2)">
                  <conditions>
                    <condition number="36" type="jump" coverage="0%" />
                  </conditions>
                </line>
                <line number="46" hits="0" branch="False" />
                <line number="47" hits="0" branch="False" />
                <line number="51" hits="0" branch="False" />
                <line number="53" hits="0" branch="False" />
                <line number="54" hits="0" branch="False" />
                <line number="55" hits="0" branch="False" />
                <line number="56" hits="0" branch="False" />
                <line number="57" hits="0" branch="False" />
                <line number="58" hits="0" branch="False" />
                <line number="60" hits="0" branch="False" />
                <line number="61" hits="0" branch="False" />
                <line number="62" hits="0" branch="False" />
                <line number="63" hits="0" branch="False" />
                <line number="64" hits="0" branch="False" />
                <line number="66" hits="0" branch="False" />
              </lines>
            </method>
          </methods>
          <lines>
            <line number="44" hits="0" branch="False" />
            <line number="45" hits="0" branch="True" condition-coverage="0% (0/2)">
              <conditions>
                <condition number="36" type="jump" coverage="0%" />
              </conditions>
            </line>
            <line number="46" hits="0" branch="False" />
            <line number="47" hits="0" branch="False" />
            <line number="51" hits="0" branch="False" />
            <line number="53" hits="0" branch="False" />
            <line number="54" hits="0" branch="False" />
            <line number="55" hits="0" branch="False" />
            <line number="56" hits="0" branch="False" />
            <line number="57" hits="0" branch="False" />
            <line number="58" hits="0" branch="False" />
            <line number="60" hits="0" branch="False" />
            <line number="61" hits="0" branch="False" />
            <line number="62" hits="0" branch="False" />
            <line number="63" hits="0" branch="False" />
            <line number="64" hits="0" branch="False" />
            <line number="66" hits="0" branch="False" />
          </lines>
        </class>
        <class name="TaskManager.Web.Controllers.TasksController/&lt;Delete&gt;d__8" filename="Controllers\TasksController.cs" line-rate="0.8571" branch-rate="1" complexity="2">
          <methods>
            <method name="MoveNext" signature="()" line-rate="0.8571" branch-rate="1" complexity="2">
              <lines>
                <line number="125" hits="3" branch="False" />
                <line number="127" hits="3" branch="False" />
                <line number="128" hits="3" branch="False" />
                <line number="129" hits="2" branch="True" condition-coverage="100% (2/2)">
                  <conditions>
                    <condition number="173" type="jump" coverage="100%" />
                  </conditions>
                </line>
                <line number="130" hits="1" branch="False" />
                <line number="131" hits="1" branch="False" />
                <line number="132" hits="0" branch="False" />
                <line number="134" hits="1" branch="False" />
                <line number="136" hits="2" branch="False" />
                <line number="137" hits="2" branch="False" />
                <line number="138" hits="2" branch="False" />
                <line number="139" hits="2" branch="False" />
                <line number="140" hits="0" branch="False" />
                <line number="142" hits="1" branch="False" />
              </lines>
            </method>
          </methods>
          <lines>
            <line number="125" hits="3" branch="False" />
            <line number="127" hits="3" branch="False" />
            <line number="128" hits="3" branch="False" />
            <line number="129" hits="2" branch="True" condition-coverage="100% (2/2)">
              <conditions>
                <condition number="173" type="jump" coverage="100%" />
              </conditions>
            </line>
            <line number="130" hits="1" branch="False" />
            <line number="131" hits="1" branch="False" />
            <line number="132" hits="0" branch="False" />
            <line number="134" hits="1" branch="False" />
            <line number="136" hits="2" branch="False" />
            <line number="137" hits="2" branch="False" />
            <line number="138" hits="2" branch="False" />
            <line number="139" hits="2" branch="False" />
            <line number="140" hits="0" branch="False" />
            <line number="142" hits="1" branch="False" />
          </lines>
        </class>
        <class name="TaskManager.Web.Controllers.TasksController/&lt;DeleteConfirmed&gt;d__9" filename="Controllers\TasksController.cs" line-rate="0" branch-rate="0" complexity="2">
          <methods>
            <method name="MoveNext" signature="()" line-rate="0" branch-rate="0" complexity="2">
              <lines>
                <line number="148" hits="0" branch="False" />
                <line number="150" hits="0" branch="False" />
                <line number="151" hits="0" branch="False" />
                <line number="152" hits="0" branch="True" condition-coverage="0% (0/2)">
                  <conditions>
                    <condition number="166" type="jump" coverage="0%" />
                  </conditions>
                </line>
                <line number="153" hits="0" branch="False" />
                <line number="154" hits="0" branch="False" />
                <line number="155" hits="0" branch="False" />
                <line number="157" hits="0" branch="False" />
                <line number="158" hits="0" branch="False" />
                <line number="159" hits="0" branch="False" />
                <line number="160" hits="0" branch="False" />
                <line number="162" hits="0" branch="False" />
                <line number="163" hits="0" branch="False" />
                <line number="164" hits="0" branch="False" />
                <line number="165" hits="0" branch="False" />
                <line number="166" hits="0" branch="False" />
                <line number="168" hits="0" branch="False" />
              </lines>
            </method>
          </methods>
          <lines>
            <line number="148" hits="0" branch="False" />
            <line number="150" hits="0" branch="False" />
            <line number="151" hits="0" branch="False" />
            <line number="152" hits="0" branch="True" condition-coverage="0% (0/2)">
              <conditions>
                <condition number="166" type="jump" coverage="0%" />
              </conditions>
            </line>
            <line number="153" hits="0" branch="False" />
            <line number="154" hits="0" branch="False" />
            <line number="155" hits="0" branch="False" />
            <line number="157" hits="0" branch="False" />
            <line number="158" hits="0" branch="False" />
            <line number="159" hits="0" branch="False" />
            <line number="160" hits="0" branch="False" />
            <line number="162" hits="0" branch="False" />
            <line number="163" hits="0" branch="False" />
            <line number="164" hits="0" branch="False" />
            <line number="165" hits="0" branch="False" />
            <line number="166" hits="0" branch="False" />
            <line number="168" hits="0" branch="False" />
          </lines>
        </class>
        <class name="TaskManager.Web.Controllers.TasksController/&lt;Edit&gt;d__6" filename="Controllers\TasksController.cs" line-rate="0" branch-rate="0" complexity="2">
          <methods>
            <method name="MoveNext" signature="()" line-rate="0" branch-rate="0" complexity="2">
              <lines>
                <line number="70" hits="0" branch="False" />
                <line number="72" hits="0" branch="False" />
                <line number="73" hits="0" branch="False" />
                <line number="74" hits="0" branch="True" condition-coverage="0% (0/2)">
                  <conditions>
                    <condition number="173" type="jump" coverage="0%" />
                  </conditions>
                </line>
                <line number="75" hits="0" branch="False" />
                <line number="76" hits="0" branch="False" />
                <line number="77" hits="0" branch="False" />
                <line number="79" hits="0" branch="False" />
                <line number="81" hits="0" branch="False" />
                <line number="82" hits="0" branch="False" />
                <line number="83" hits="0" branch="False" />
                <line number="84" hits="0" branch="False" />
                <line number="85" hits="0" branch="False" />
                <line number="87" hits="0" branch="False" />
              </lines>
            </method>
          </methods>
          <lines>
            <line number="70" hits="0" branch="False" />
            <line number="72" hits="0" branch="False" />
            <line number="73" hits="0" branch="False" />
            <line number="74" hits="0" branch="True" condition-coverage="0% (0/2)">
              <conditions>
                <condition number="173" type="jump" coverage="0%" />
              </conditions>
            </line>
            <line number="75" hits="0" branch="False" />
            <line number="76" hits="0" branch="False" />
            <line number="77" hits="0" branch="False" />
            <line number="79" hits="0" branch="False" />
            <line number="81" hits="0" branch="False" />
            <line number="82" hits="0" branch="False" />
            <line number="83" hits="0" branch="False" />
            <line number="84" hits="0" branch="False" />
            <line number="85" hits="0" branch="False" />
            <line number="87" hits="0" branch="False" />
          </lines>
        </class>
        <class name="TaskManager.Web.Controllers.TasksController/&lt;Edit&gt;d__7" filename="Controllers\TasksController.cs" line-rate="0.8571" branch-rate="0.8332999999999999" complexity="6">
          <methods>
            <method name="MoveNext" signature="()" line-rate="0.8571" branch-rate="0.8332999999999999" complexity="6">
              <lines>
                <line number="93" hits="4" branch="False" />
                <line number="94" hits="4" branch="True" condition-coverage="100% (2/2)">
                  <conditions>
                    <condition number="39" type="jump" coverage="100%" />
                  </conditions>
                </line>
                <line number="95" hits="1" branch="False" />
                <line number="96" hits="1" branch="False" />
                <line number="99" hits="3" branch="True" condition-coverage="100% (2/2)">
                  <conditions>
                    <condition number="80" type="jump" coverage="100%" />
                  </conditions>
                </line>
                <line number="100" hits="1" branch="False" />
                <line number="101" hits="1" branch="False" />
                <line number="105" hits="2" branch="False" />
                <line number="106" hits="2" branch="False" />
                <line number="107" hits="1" branch="True" condition-coverage="50% (1/2)">
                  <conditions>
                    <condition number="268" type="jump" coverage="50%" />
                  </conditions>
                </line>
                <line number="108" hits="1" branch="False" />
                <line number="109" hits="1" branch="False" />
                <line number="110" hits="0" branch="False" />
                <line number="112" hits="0" branch="False" />
                <line number="113" hits="0" branch="False" />
                <line number="115" hits="2" branch="False" />
                <line number="116" hits="2" branch="False" />
                <line number="117" hits="2" branch="False" />
                <line number="118" hits="2" branch="False" />
                <line number="119" hits="2" branch="False" />
                <line number="121" hits="4" branch="False" />
              </lines>
            </method>
          </methods>
          <lines>
            <line number="93" hits="4" branch="False" />
            <line number="94" hits="4" branch="True" condition-coverage="100% (2/2)">
              <conditions>
                <condition number="39" type="jump" coverage="100%" />
              </conditions>
            </line>
            <line number="95" hits="1" branch="False" />
            <line number="96" hits="1" branch="False" />
            <line number="99" hits="3" branch="True" condition-coverage="100% (2/2)">
              <conditions>
                <condition number="80" type="jump" coverage="100%" />
              </conditions>
            </line>
            <line number="100" hits="1" branch="False" />
            <line number="101" hits="1" branch="False" />
            <line number="105" hits="2" branch="False" />
            <line number="106" hits="2" branch="False" />
            <line number="107" hits="1" branch="True" condition-coverage="50% (1/2)">
              <conditions>
                <condition number="268" type="jump" coverage="50%" />
              </conditions>
            </line>
            <line number="108" hits="1" branch="False" />
            <line number="109" hits="1" branch="False" />
            <line number="110" hits="0" branch="False" />
            <line number="112" hits="0" branch="False" />
            <line number="113" hits="0" branch="False" />
            <line number="115" hits="2" branch="False" />
            <line number="116" hits="2" branch="False" />
            <line number="117" hits="2" branch="False" />
            <line number="118" hits="2" branch="False" />
            <line number="119" hits="2" branch="False" />
            <line number="121" hits="4" branch="False" />
          </lines>
        </class>
        <class name="TaskManager.Web.Controllers.TasksController/&lt;Index&gt;d__3" filename="Controllers\TasksController.cs" line-rate="0.9" branch-rate="1" complexity="1">
          <methods>
            <method name="MoveNext" signature="()" line-rate="0.9" branch-rate="1" complexity="1">
              <lines>
                <line number="20" hits="4" branch="False" />
                <line number="22" hits="4" branch="False" />
                <line number="23" hits="4" branch="False" />
                <line number="24" hits="3" branch="False" />
                <line number="26" hits="1" branch="False" />
                <line number="27" hits="1" branch="False" />
                <line number="28" hits="1" branch="False" />
                <line number="29" hits="1" branch="False" />
                <line number="30" hits="0" branch="False" />
                <line number="32" hits="3" branch="False" />
              </lines>
            </method>
          </methods>
          <lines>
            <line number="20" hits="4" branch="False" />
            <line number="22" hits="4" branch="False" />
            <line number="23" hits="4" branch="False" />
            <line number="24" hits="3" branch="False" />
            <line number="26" hits="1" branch="False" />
            <line number="27" hits="1" branch="False" />
            <line number="28" hits="1" branch="False" />
            <line number="29" hits="1" branch="False" />
            <line number="30" hits="0" branch="False" />
            <line number="32" hits="3" branch="False" />
          </lines>
        </class>
      </classes>
    </package>
  </packages>
</coverage>